2015-11-03 18:50:32.343 [ERROR] org.springframework.boot.SpringApplication.run - Application startup failed
java.lang.UnsupportedClassVersionError: javax/annotation/ManagedBean : Unsupported major.minor version 51.0
	at java.lang.ClassLoader.defineClass1(Native Method) ~[na:1.6.0_25]
	at java.lang.ClassLoader.defineClassCond(ClassLoader.java:631) ~[na:1.6.0_25]
	at java.lang.ClassLoader.defineClass(ClassLoader.java:615) ~[na:1.6.0_25]
	at java.security.SecureClassLoader.defineClass(SecureClassLoader.java:141) ~[na:1.6.0_25]
	at java.net.URLClassLoader.defineClass(URLClassLoader.java:283) ~[na:1.6.0_25]
	at java.net.URLClassLoader.access$000(URLClassLoader.java:58) ~[na:1.6.0_25]
	at java.net.URLClassLoader$1.run(URLClassLoader.java:197) ~[na:1.6.0_25]
	at java.security.AccessController.doPrivileged(Native Method) ~[na:1.6.0_25]
	at java.net.URLClassLoader.findClass(URLClassLoader.java:190) ~[na:1.6.0_25]
	at java.lang.ClassLoader.loadClass(ClassLoader.java:306) ~[na:1.6.0_25]
	at sun.misc.Launcher$AppClassLoader.loadClass(Launcher.java:301) ~[na:1.6.0_25]
	at java.lang.ClassLoader.loadClass(ClassLoader.java:247) ~[na:1.6.0_25]
	at org.springframework.util.ClassUtils.forName(ClassUtils.java:249) ~[spring-core-4.1.8.RELEASE.jar:4.1.8.RELEASE]
	at org.springframework.context.annotation.ClassPathScanningCandidateComponentProvider.registerDefaultFilters(ClassPathScanningCandidateComponentProvider.java:243) ~[spring-context-4.1.8.RELEASE.jar:4.1.8.RELEASE]
	at org.springframework.context.annotation.ClassPathScanningCandidateComponentProvider.<init>(ClassPathScanningCandidateComponentProvider.java:116) ~[spring-context-4.1.8.RELEASE.jar:4.1.8.RELEASE]
	at org.springframework.context.annotation.ClassPathBeanDefinitionScanner.<init>(ClassPathBeanDefinitionScanner.java:136) ~[spring-context-4.1.8.RELEASE.jar:4.1.8.RELEASE]
	at org.springframework.context.annotation.ClassPathBeanDefinitionScanner.<init>(ClassPathBeanDefinitionScanner.java:111) ~[spring-context-4.1.8.RELEASE.jar:4.1.8.RELEASE]
	at org.springframework.context.annotation.ClassPathBeanDefinitionScanner.<init>(ClassPathBeanDefinitionScanner.java:83) ~[spring-context-4.1.8.RELEASE.jar:4.1.8.RELEASE]
	at org.springframework.context.annotation.AnnotationConfigApplicationContext.<init>(AnnotationConfigApplicationContext.java:62) ~[spring-context-4.1.8.RELEASE.jar:4.1.8.RELEASE]
	at sun.reflect.NativeConstructorAccessorImpl.newInstance0(Native Method) ~[na:1.6.0_25]
	at sun.reflect.NativeConstructorAccessorImpl.newInstance(NativeConstructorAccessorImpl.java:39) ~[na:1.6.0_25]
	at sun.reflect.DelegatingConstructorAccessorImpl.newInstance(DelegatingConstructorAccessorImpl.java:27) ~[na:1.6.0_25]
	at java.lang.reflect.Constructor.newInstance(Constructor.java:513) ~[na:1.6.0_25]
	at java.lang.Class.newInstance0(Class.java:355) ~[na:1.6.0_25]
	at java.lang.Class.newInstance(Class.java:308) ~[na:1.6.0_25]
	at org.springframework.beans.BeanUtils.instantiate(BeanUtils.java:78) ~[spring-beans-4.1.8.RELEASE.jar:4.1.8.RELEASE]
	at org.springframework.boot.SpringApplication.createApplicationContext(SpringApplication.java:525) [spring-boot-1.2.7.RELEASE.jar:1.2.7.RELEASE]
	at org.springframework.boot.SpringApplication.run(SpringApplication.java:293) [spring-boot-1.2.7.RELEASE.jar:1.2.7.RELEASE]
	at org.springframework.boot.SpringApplication.run(SpringApplication.java:969) [spring-boot-1.2.7.RELEASE.jar:1.2.7.RELEASE]
	at org.springframework.boot.SpringApplication.run(SpringApplication.java:958) [spring-boot-1.2.7.RELEASE.jar:1.2.7.RELEASE]
	at com.testritegroup.mobile.server.Server.main(Server.java:54) [classes/:na]
2015-11-03 18:50:57.160 [INFO ] com.testritegroup.mobile.server.Server.logStarting - Starting Server on TRTPE-N-T2427 with PID 9064 (D:\workspace_ets2\itmobileserver\target\classes started by T2427 in D:\workspace_ets2\itmobileserver)
2015-11-03 18:50:57.759 [INFO ] org.hibernate.validator.internal.util.Version.<clinit> - HV000001: Hibernate Validator 5.1.3.Final
2015-11-03 18:50:58.165 [INFO ] org.apache.catalina.core.StandardService.log - Starting service Tomcat
2015-11-03 18:50:58.166 [INFO ] org.apache.catalina.core.StandardEngine.log - Starting Servlet Engine: Apache Tomcat/8.0.28
2015-11-03 18:50:58.247 [INFO ] org.apache.catalina.core.ContainerBase.[Tomcat].[localhost].[/].log - Initializing Spring embedded WebApplicationContext
2015-11-03 18:50:59.388 [INFO ] org.mongodb.driver.cluster.info - Cluster created with settings {hosts=[localhost:27017], mode=SINGLE, requiredClusterType=UNKNOWN, serverSelectionTimeout='30000 ms', maxWaitQueueSize=500}
2015-11-03 18:50:59.448 [INFO ] org.mongodb.driver.connection.info - Opened connection [connectionId{localValue:1, serverValue:1}] to localhost:27017
2015-11-03 18:50:59.449 [INFO ] org.mongodb.driver.cluster.info - Monitor thread successfully connected to server with description ServerDescription{address=localhost:27017, type=STANDALONE, state=CONNECTED, ok=true, version=ServerVersion{versionList=[3, 0, 5]}, minWireVersion=0, maxWireVersion=3, maxDocumentSize=16777216, roundTripTimeNanos=551444}
2015-11-03 18:50:59.482 [INFO ] org.apache.coyote.http11.Http11NioProtocol.log - Initializing ProtocolHandler ["http-nio-8080"]
2015-11-03 18:50:59.487 [INFO ] org.apache.coyote.http11.Http11NioProtocol.log - Starting ProtocolHandler ["http-nio-8080"]
2015-11-03 18:50:59.493 [ERROR] org.apache.coyote.http11.Http11NioProtocol.log - Failed to start end point associated with ProtocolHandler ["http-nio-8080"]
java.net.BindException: Address already in use: bind
	at sun.nio.ch.Net.bind0(Native Method) ~[na:1.7.0_45]
	at sun.nio.ch.Net.bind(Net.java:444) ~[na:1.7.0_45]
	at sun.nio.ch.Net.bind(Net.java:436) ~[na:1.7.0_45]
	at sun.nio.ch.ServerSocketChannelImpl.bind(ServerSocketChannelImpl.java:214) ~[na:1.7.0_45]
	at sun.nio.ch.ServerSocketAdaptor.bind(ServerSocketAdaptor.java:74) ~[na:1.7.0_45]
	at org.apache.tomcat.util.net.NioEndpoint.bind(NioEndpoint.java:340) ~[tomcat-embed-core-8.0.28.jar:8.0.28]
	at org.apache.tomcat.util.net.AbstractEndpoint.start(AbstractEndpoint.java:765) ~[tomcat-embed-core-8.0.28.jar:8.0.28]
	at org.apache.coyote.AbstractProtocol.start(AbstractProtocol.java:472) ~[tomcat-embed-core-8.0.28.jar:8.0.28]
	at org.apache.catalina.connector.Connector.startInternal(Connector.java:986) [tomcat-embed-core-8.0.28.jar:8.0.28]
	at org.apache.catalina.util.LifecycleBase.start(LifecycleBase.java:150) [tomcat-embed-core-8.0.28.jar:8.0.28]
	at org.apache.catalina.core.StandardService.addConnector(StandardService.java:237) [tomcat-embed-core-8.0.28.jar:8.0.28]
	at org.springframework.boot.context.embedded.tomcat.TomcatEmbeddedServletContainer.addPreviouslyRemovedConnectors(TomcatEmbeddedServletContainer.java:186) [spring-boot-1.2.7.RELEASE.jar:1.2.7.RELEASE]
	at org.springframework.boot.context.embedded.tomcat.TomcatEmbeddedServletContainer.start(TomcatEmbeddedServletContainer.java:149) [spring-boot-1.2.7.RELEASE.jar:1.2.7.RELEASE]
	at org.springframework.boot.context.embedded.EmbeddedWebApplicationContext.startEmbeddedServletContainer(EmbeddedWebApplicationContext.java:288) [spring-boot-1.2.7.RELEASE.jar:1.2.7.RELEASE]
	at org.springframework.boot.context.embedded.EmbeddedWebApplicationContext.finishRefresh(EmbeddedWebApplicationContext.java:140) [spring-boot-1.2.7.RELEASE.jar:1.2.7.RELEASE]
	at org.springframework.context.support.AbstractApplicationContext.refresh(AbstractApplicationContext.java:483) [spring-context-4.1.8.RELEASE.jar:4.1.8.RELEASE]
	at org.springframework.boot.context.embedded.EmbeddedWebApplicationContext.refresh(EmbeddedWebApplicationContext.java:117) [spring-boot-1.2.7.RELEASE.jar:1.2.7.RELEASE]
	at org.springframework.boot.SpringApplication.refresh(SpringApplication.java:689) [spring-boot-1.2.7.RELEASE.jar:1.2.7.RELEASE]
	at org.springframework.boot.SpringApplication.run(SpringApplication.java:321) [spring-boot-1.2.7.RELEASE.jar:1.2.7.RELEASE]
	at org.springframework.boot.SpringApplication.run(SpringApplication.java:969) [spring-boot-1.2.7.RELEASE.jar:1.2.7.RELEASE]
	at org.springframework.boot.SpringApplication.run(SpringApplication.java:958) [spring-boot-1.2.7.RELEASE.jar:1.2.7.RELEASE]
	at com.testritegroup.mobile.server.Server.main(Server.java:54) [classes/:na]
2015-11-03 18:50:59.495 [ERROR] org.apache.catalina.core.StandardService.log - Failed to start connector [Connector[HTTP/1.1-8080]]
org.apache.catalina.LifecycleException: Failed to start component [Connector[HTTP/1.1-8080]]
	at org.apache.catalina.util.LifecycleBase.start(LifecycleBase.java:154) ~[tomcat-embed-core-8.0.28.jar:8.0.28]
	at org.apache.catalina.core.StandardService.addConnector(StandardService.java:237) ~[tomcat-embed-core-8.0.28.jar:8.0.28]
	at org.springframework.boot.context.embedded.tomcat.TomcatEmbeddedServletContainer.addPreviouslyRemovedConnectors(TomcatEmbeddedServletContainer.java:186) [spring-boot-1.2.7.RELEASE.jar:1.2.7.RELEASE]
	at org.springframework.boot.context.embedded.tomcat.TomcatEmbeddedServletContainer.start(TomcatEmbeddedServletContainer.java:149) [spring-boot-1.2.7.RELEASE.jar:1.2.7.RELEASE]
	at org.springframework.boot.context.embedded.EmbeddedWebApplicationContext.startEmbeddedServletContainer(EmbeddedWebApplicationContext.java:288) [spring-boot-1.2.7.RELEASE.jar:1.2.7.RELEASE]
	at org.springframework.boot.context.embedded.EmbeddedWebApplicationContext.finishRefresh(EmbeddedWebApplicationContext.java:140) [spring-boot-1.2.7.RELEASE.jar:1.2.7.RELEASE]
	at org.springframework.context.support.AbstractApplicationContext.refresh(AbstractApplicationContext.java:483) [spring-context-4.1.8.RELEASE.jar:4.1.8.RELEASE]
	at org.springframework.boot.context.embedded.EmbeddedWebApplicationContext.refresh(EmbeddedWebApplicationContext.java:117) [spring-boot-1.2.7.RELEASE.jar:1.2.7.RELEASE]
	at org.springframework.boot.SpringApplication.refresh(SpringApplication.java:689) [spring-boot-1.2.7.RELEASE.jar:1.2.7.RELEASE]
	at org.springframework.boot.SpringApplication.run(SpringApplication.java:321) [spring-boot-1.2.7.RELEASE.jar:1.2.7.RELEASE]
	at org.springframework.boot.SpringApplication.run(SpringApplication.java:969) [spring-boot-1.2.7.RELEASE.jar:1.2.7.RELEASE]
	at org.springframework.boot.SpringApplication.run(SpringApplication.java:958) [spring-boot-1.2.7.RELEASE.jar:1.2.7.RELEASE]
	at com.testritegroup.mobile.server.Server.main(Server.java:54) [classes/:na]
Caused by: org.apache.catalina.LifecycleException: service.getName(): "Tomcat";  Protocol handler start failed
	at org.apache.catalina.connector.Connector.startInternal(Connector.java:993) ~[tomcat-embed-core-8.0.28.jar:8.0.28]
	at org.apache.catalina.util.LifecycleBase.start(LifecycleBase.java:150) ~[tomcat-embed-core-8.0.28.jar:8.0.28]
	... 12 common frames omitted
Caused by: java.net.BindException: Address already in use: bind
	at sun.nio.ch.Net.bind0(Native Method) ~[na:1.7.0_45]
	at sun.nio.ch.Net.bind(Net.java:444) ~[na:1.7.0_45]
	at sun.nio.ch.Net.bind(Net.java:436) ~[na:1.7.0_45]
	at sun.nio.ch.ServerSocketChannelImpl.bind(ServerSocketChannelImpl.java:214) ~[na:1.7.0_45]
	at sun.nio.ch.ServerSocketAdaptor.bind(ServerSocketAdaptor.java:74) ~[na:1.7.0_45]
	at org.apache.tomcat.util.net.NioEndpoint.bind(NioEndpoint.java:340) ~[tomcat-embed-core-8.0.28.jar:8.0.28]
	at org.apache.tomcat.util.net.AbstractEndpoint.start(AbstractEndpoint.java:765) ~[tomcat-embed-core-8.0.28.jar:8.0.28]
	at org.apache.coyote.AbstractProtocol.start(AbstractProtocol.java:472) ~[tomcat-embed-core-8.0.28.jar:8.0.28]
	at org.apache.catalina.connector.Connector.startInternal(Connector.java:986) ~[tomcat-embed-core-8.0.28.jar:8.0.28]
	... 13 common frames omitted
2015-11-03 18:50:59.500 [INFO ] org.apache.coyote.http11.Http11NioProtocol.log - Pausing ProtocolHandler ["http-nio-8080"]
2015-11-03 18:50:59.501 [INFO ] org.apache.catalina.core.StandardService.log - Stopping service Tomcat
2015-11-03 18:50:59.509 [INFO ] org.apache.catalina.util.LifecycleBase.log - The stop() method was called on component [StandardServer[-1]] after stop() had already been called. The second call will be ignored.
2015-11-03 18:50:59.510 [INFO ] org.apache.coyote.http11.Http11NioProtocol.log - Stopping ProtocolHandler ["http-nio-8080"]
2015-11-03 18:50:59.510 [INFO ] org.apache.coyote.http11.Http11NioProtocol.log - Destroying ProtocolHandler ["http-nio-8080"]
2015-11-03 18:50:59.511 [ERROR] org.springframework.boot.SpringApplication.run - Application startup failed
java.lang.IllegalStateException: Tomcat connector in failed state
	at org.springframework.boot.context.embedded.tomcat.TomcatEmbeddedServletContainer.start(TomcatEmbeddedServletContainer.java:157) ~[spring-boot-1.2.7.RELEASE.jar:1.2.7.RELEASE]
	at org.springframework.boot.context.embedded.EmbeddedWebApplicationContext.startEmbeddedServletContainer(EmbeddedWebApplicationContext.java:288) ~[spring-boot-1.2.7.RELEASE.jar:1.2.7.RELEASE]
	at org.springframework.boot.context.embedded.EmbeddedWebApplicationContext.finishRefresh(EmbeddedWebApplicationContext.java:140) ~[spring-boot-1.2.7.RELEASE.jar:1.2.7.RELEASE]
	at org.springframework.context.support.AbstractApplicationContext.refresh(AbstractApplicationContext.java:483) ~[spring-context-4.1.8.RELEASE.jar:4.1.8.RELEASE]
	at org.springframework.boot.context.embedded.EmbeddedWebApplicationContext.refresh(EmbeddedWebApplicationContext.java:117) ~[spring-boot-1.2.7.RELEASE.jar:1.2.7.RELEASE]
	at org.springframework.boot.SpringApplication.refresh(SpringApplication.java:689) [spring-boot-1.2.7.RELEASE.jar:1.2.7.RELEASE]
	at org.springframework.boot.SpringApplication.run(SpringApplication.java:321) [spring-boot-1.2.7.RELEASE.jar:1.2.7.RELEASE]
	at org.springframework.boot.SpringApplication.run(SpringApplication.java:969) [spring-boot-1.2.7.RELEASE.jar:1.2.7.RELEASE]
	at org.springframework.boot.SpringApplication.run(SpringApplication.java:958) [spring-boot-1.2.7.RELEASE.jar:1.2.7.RELEASE]
	at com.testritegroup.mobile.server.Server.main(Server.java:54) [classes/:na]
2015-11-03 18:52:13.203 [INFO ] com.testritegroup.mobile.server.Server.logStarting - Starting Server on TRTPE-N-T2427 with PID 9048 (D:\workspace_ets2\itmobileserver\target\classes started by T2427 in D:\workspace_ets2\itmobileserver)
2015-11-03 18:52:13.917 [INFO ] org.hibernate.validator.internal.util.Version.<clinit> - HV000001: Hibernate Validator 5.1.3.Final
2015-11-03 18:52:14.324 [INFO ] org.apache.catalina.core.StandardService.log - Starting service Tomcat
2015-11-03 18:52:14.325 [INFO ] org.apache.catalina.core.StandardEngine.log - Starting Servlet Engine: Apache Tomcat/8.0.28
2015-11-03 18:52:14.409 [INFO ] org.apache.catalina.core.ContainerBase.[Tomcat].[localhost].[/].log - Initializing Spring embedded WebApplicationContext
2015-11-03 18:52:15.493 [INFO ] org.mongodb.driver.cluster.info - Cluster created with settings {hosts=[localhost:27017], mode=SINGLE, requiredClusterType=UNKNOWN, serverSelectionTimeout='30000 ms', maxWaitQueueSize=500}
2015-11-03 18:52:15.545 [INFO ] org.mongodb.driver.connection.info - Opened connection [connectionId{localValue:1, serverValue:2}] to localhost:27017
2015-11-03 18:52:15.546 [INFO ] org.mongodb.driver.cluster.info - Monitor thread successfully connected to server with description ServerDescription{address=localhost:27017, type=STANDALONE, state=CONNECTED, ok=true, version=ServerVersion{versionList=[3, 0, 5]}, minWireVersion=0, maxWireVersion=3, maxDocumentSize=16777216, roundTripTimeNanos=613023}
2015-11-03 18:52:15.584 [INFO ] org.apache.coyote.http11.Http11NioProtocol.log - Initializing ProtocolHandler ["http-nio-8080"]
2015-11-03 18:52:15.590 [INFO ] org.apache.coyote.http11.Http11NioProtocol.log - Starting ProtocolHandler ["http-nio-8080"]
2015-11-03 18:52:15.598 [INFO ] org.apache.tomcat.util.net.NioSelectorPool.log - Using a shared selector for servlet write/read
2015-11-03 18:52:15.672 [INFO ] com.testritegroup.mobile.server.Server.logStarted - Started Server in 2.65 seconds (JVM running for 3.081)
2015-11-03 18:52:43.908 [INFO ] org.apache.catalina.core.ContainerBase.[Tomcat].[localhost].[/].log - Initializing Spring FrameworkServlet 'dispatcherServlet'
2015-11-03 18:52:43.950 [ERROR] org.apache.catalina.core.ContainerBase.[Tomcat].[localhost].[/].[dispatcherServlet].log - Servlet.service() for servlet [dispatcherServlet] in context with path [] threw exception [Request processing failed; nested exception is org.springframework.beans.BeanInstantiationException: Failed to instantiate [org.springframework.http.HttpRequest]: Specified class is an interface] with root cause
org.springframework.beans.BeanInstantiationException: Failed to instantiate [org.springframework.http.HttpRequest]: Specified class is an interface
	at org.springframework.beans.BeanUtils.instantiateClass(BeanUtils.java:101) ~[spring-beans-4.1.8.RELEASE.jar:4.1.8.RELEASE]
	at org.springframework.web.method.annotation.ModelAttributeMethodProcessor.createAttribute(ModelAttributeMethodProcessor.java:137) ~[spring-web-4.1.8.RELEASE.jar:4.1.8.RELEASE]
	at org.springframework.web.servlet.mvc.method.annotation.ServletModelAttributeMethodProcessor.createAttribute(ServletModelAttributeMethodProcessor.java:80) ~[spring-webmvc-4.1.8.RELEASE.jar:4.1.8.RELEASE]
	at org.springframework.web.method.annotation.ModelAttributeMethodProcessor.resolveArgument(ModelAttributeMethodProcessor.java:106) ~[spring-web-4.1.8.RELEASE.jar:4.1.8.RELEASE]
	at org.springframework.web.method.support.HandlerMethodArgumentResolverComposite.resolveArgument(HandlerMethodArgumentResolverComposite.java:78) ~[spring-web-4.1.8.RELEASE.jar:4.1.8.RELEASE]
	at org.springframework.web.method.support.InvocableHandlerMethod.getMethodArgumentValues(InvocableHandlerMethod.java:162) ~[spring-web-4.1.8.RELEASE.jar:4.1.8.RELEASE]
	at org.springframework.web.method.support.InvocableHandlerMethod.invokeForRequest(InvocableHandlerMethod.java:129) ~[spring-web-4.1.8.RELEASE.jar:4.1.8.RELEASE]
	at org.springframework.web.servlet.mvc.method.annotation.ServletInvocableHandlerMethod.invokeAndHandle(ServletInvocableHandlerMethod.java:110) ~[spring-webmvc-4.1.8.RELEASE.jar:4.1.8.RELEASE]
	at org.springframework.web.servlet.mvc.method.annotation.RequestMappingHandlerAdapter.invokeHandlerMethod(RequestMappingHandlerAdapter.java:775) ~[spring-webmvc-4.1.8.RELEASE.jar:4.1.8.RELEASE]
	at org.springframework.web.servlet.mvc.method.annotation.RequestMappingHandlerAdapter.handleInternal(RequestMappingHandlerAdapter.java:705) ~[spring-webmvc-4.1.8.RELEASE.jar:4.1.8.RELEASE]
	at org.springframework.web.servlet.mvc.method.AbstractHandlerMethodAdapter.handle(AbstractHandlerMethodAdapter.java:85) ~[spring-webmvc-4.1.8.RELEASE.jar:4.1.8.RELEASE]
	at org.springframework.web.servlet.DispatcherServlet.doDispatch(DispatcherServlet.java:959) ~[spring-webmvc-4.1.8.RELEASE.jar:4.1.8.RELEASE]
	at org.springframework.web.servlet.DispatcherServlet.doService(DispatcherServlet.java:893) ~[spring-webmvc-4.1.8.RELEASE.jar:4.1.8.RELEASE]
	at org.springframework.web.servlet.FrameworkServlet.processRequest(FrameworkServlet.java:967) ~[spring-webmvc-4.1.8.RELEASE.jar:4.1.8.RELEASE]
	at org.springframework.web.servlet.FrameworkServlet.doGet(FrameworkServlet.java:858) ~[spring-webmvc-4.1.8.RELEASE.jar:4.1.8.RELEASE]
	at javax.servlet.http.HttpServlet.service(HttpServlet.java:622) ~[tomcat-embed-core-8.0.28.jar:8.0.28]
	at org.springframework.web.servlet.FrameworkServlet.service(FrameworkServlet.java:843) ~[spring-webmvc-4.1.8.RELEASE.jar:4.1.8.RELEASE]
	at javax.servlet.http.HttpServlet.service(HttpServlet.java:729) ~[tomcat-embed-core-8.0.28.jar:8.0.28]
	at org.apache.catalina.core.ApplicationFilterChain.internalDoFilter(ApplicationFilterChain.java:291) ~[tomcat-embed-core-8.0.28.jar:8.0.28]
	at org.apache.catalina.core.ApplicationFilterChain.doFilter(ApplicationFilterChain.java:206) ~[tomcat-embed-core-8.0.28.jar:8.0.28]
	at org.apache.tomcat.websocket.server.WsFilter.doFilter(WsFilter.java:52) ~[tomcat-embed-websocket-8.0.28.jar:8.0.28]
	at org.apache.catalina.core.ApplicationFilterChain.internalDoFilter(ApplicationFilterChain.java:239) ~[tomcat-embed-core-8.0.28.jar:8.0.28]
	at org.apache.catalina.core.ApplicationFilterChain.doFilter(ApplicationFilterChain.java:206) ~[tomcat-embed-core-8.0.28.jar:8.0.28]
	at org.springframework.web.filter.HiddenHttpMethodFilter.doFilterInternal(HiddenHttpMethodFilter.java:77) ~[spring-web-4.1.8.RELEASE.jar:4.1.8.RELEASE]
	at org.springframework.web.filter.OncePerRequestFilter.doFilter(OncePerRequestFilter.java:107) ~[spring-web-4.1.8.RELEASE.jar:4.1.8.RELEASE]
	at org.apache.catalina.core.ApplicationFilterChain.internalDoFilter(ApplicationFilterChain.java:239) ~[tomcat-embed-core-8.0.28.jar:8.0.28]
	at org.apache.catalina.core.ApplicationFilterChain.doFilter(ApplicationFilterChain.java:206) ~[tomcat-embed-core-8.0.28.jar:8.0.28]
	at org.springframework.web.filter.CharacterEncodingFilter.doFilterInternal(CharacterEncodingFilter.java:85) ~[spring-web-4.1.8.RELEASE.jar:4.1.8.RELEASE]
	at org.springframework.web.filter.OncePerRequestFilter.doFilter(OncePerRequestFilter.java:107) ~[spring-web-4.1.8.RELEASE.jar:4.1.8.RELEASE]
	at org.apache.catalina.core.ApplicationFilterChain.internalDoFilter(ApplicationFilterChain.java:239) ~[tomcat-embed-core-8.0.28.jar:8.0.28]
	at org.apache.catalina.core.ApplicationFilterChain.doFilter(ApplicationFilterChain.java:206) ~[tomcat-embed-core-8.0.28.jar:8.0.28]
	at org.apache.catalina.core.StandardWrapperValve.invoke(StandardWrapperValve.java:217) ~[tomcat-embed-core-8.0.28.jar:8.0.28]
	at org.apache.catalina.core.StandardContextValve.invoke(StandardContextValve.java:106) [tomcat-embed-core-8.0.28.jar:8.0.28]
	at org.apache.catalina.authenticator.AuthenticatorBase.invoke(AuthenticatorBase.java:502) [tomcat-embed-core-8.0.28.jar:8.0.28]
	at org.apache.catalina.core.StandardHostValve.invoke(StandardHostValve.java:142) [tomcat-embed-core-8.0.28.jar:8.0.28]
	at org.apache.catalina.valves.ErrorReportValve.invoke(ErrorReportValve.java:79) [tomcat-embed-core-8.0.28.jar:8.0.28]
	at org.apache.catalina.core.StandardEngineValve.invoke(StandardEngineValve.java:88) [tomcat-embed-core-8.0.28.jar:8.0.28]
	at org.apache.catalina.connector.CoyoteAdapter.service(CoyoteAdapter.java:518) [tomcat-embed-core-8.0.28.jar:8.0.28]
	at org.apache.coyote.http11.AbstractHttp11Processor.process(AbstractHttp11Processor.java:1091) [tomcat-embed-core-8.0.28.jar:8.0.28]
	at org.apache.coyote.AbstractProtocol$AbstractConnectionHandler.process(AbstractProtocol.java:673) [tomcat-embed-core-8.0.28.jar:8.0.28]
	at org.apache.tomcat.util.net.NioEndpoint$SocketProcessor.doRun(NioEndpoint.java:1500) [tomcat-embed-core-8.0.28.jar:8.0.28]
	at org.apache.tomcat.util.net.NioEndpoint$SocketProcessor.run(NioEndpoint.java:1456) [tomcat-embed-core-8.0.28.jar:8.0.28]
	at java.util.concurrent.ThreadPoolExecutor.runWorker(ThreadPoolExecutor.java:1145) [na:1.7.0_45]
	at java.util.concurrent.ThreadPoolExecutor$Worker.run(ThreadPoolExecutor.java:615) [na:1.7.0_45]
	at org.apache.tomcat.util.threads.TaskThread$WrappingRunnable.run(TaskThread.java:61) [tomcat-embed-core-8.0.28.jar:8.0.28]
	at java.lang.Thread.run(Thread.java:744) [na:1.7.0_45]
